#
# There is insufficient memory for the Java Runtime Environment to continue.
# Native memory allocation (malloc) failed to allocate 1100496 bytes for Chunk::new
# Possible reasons:
#   The system is out of physical RAM or swap space
#   In 32 bit mode, the process size limit was hit
# Possible solutions:
#   Reduce memory load on the system
#   Increase physical memory or swap space
#   Check if swap backing store is full
#   Use 64 bit Java on a 64 bit OS
#   Decrease Java heap size (-Xmx/-Xms)
#   Decrease number of Java threads
#   Decrease Java thread stack sizes (-Xss)
#   Set larger code cache with -XX:ReservedCodeCacheSize=
# This output file may be truncated or incomplete.
#
#  Out of Memory Error (allocation.cpp:390), pid=6744, tid=0x000000000000201c
#
# JRE version: Java(TM) SE Runtime Environment (8.0_112-b15) (build 1.8.0_112-b15)
# Java VM: Java HotSpot(TM) 64-Bit Server VM (25.112-b15 mixed mode windows-amd64 compressed oops)
# Failed to write core dump. Minidumps are not enabled by default on client versions of Windows
#

---------------  T H R E A D  ---------------

Current thread (0x000000000a9ba000):  JavaThread "C2 CompilerThread1" daemon [_thread_in_native, id=8220, stack(0x000000000a1e0000,0x000000000a2e0000)]

Stack: [0x000000000a1e0000,0x000000000a2e0000]
[error occurred during error reporting (printing stack bounds), id 0xc0000005]

Native frames: (J=compiled Java code, j=interpreted, Vv=VM code, C=native code)


Current CompileTask:
C2:   8950 3834   !   4       org.springframework.core.annotation.AnnotatedElementUtils::searchWithFindSemantics (785 bytes)


---------------  P R O C E S S  ---------------

Java Threads: ( => current thread )
  0x000000001f8c7800 JavaThread "HikariPool-1 connection adder" daemon [_thread_blocked, id=9272, stack(0x0000000021b60000,0x0000000021c60000)]
  0x000000001f8c7000 JavaThread "HikariPool-1 housekeeper" daemon [_thread_blocked, id=9268, stack(0x0000000021a30000,0x0000000021b30000)]
  0x000000001f8c6000 JavaThread "Abandoned connection cleanup thread" daemon [_thread_blocked, id=9232, stack(0x0000000021750000,0x0000000021850000)]
  0x000000000aa38000 JavaThread "Service Thread" daemon [_thread_blocked, id=4220, stack(0x000000000a720000,0x000000000a820000)]
  0x000000000a9bb800 JavaThread "C1 CompilerThread2" daemon [_thread_blocked, id=8892, stack(0x000000000b440000,0x000000000b540000)]
=>0x000000000a9ba000 JavaThread "C2 CompilerThread1" daemon [_thread_in_native, id=8220, stack(0x000000000a1e0000,0x000000000a2e0000)]
  0x000000000a9b9000 JavaThread "C2 CompilerThread0" daemon [_thread_in_native, id=6788, stack(0x000000000b1f0000,0x000000000b2f0000)]
  0x0000000009be3800 JavaThread "JDWP Command Reader" daemon [_thread_in_native, id=7272, stack(0x000000000a820000,0x000000000a920000)]
  0x0000000009bde800 JavaThread "JDWP Event Helper Thread" daemon [_thread_blocked, id=8020, stack(0x000000000a5e0000,0x000000000a6e0000)]
  0x0000000009bd3800 JavaThread "JDWP Transport Listener: dt_socket" daemon [_thread_blocked, id=6304, stack(0x000000000a4a0000,0x000000000a5a0000)]
  0x0000000009ba4000 JavaThread "Attach Listener" daemon [_thread_blocked, id=9152, stack(0x000000000a330000,0x000000000a430000)]
  0x0000000009bcc000 JavaThread "Signal Dispatcher" daemon [_thread_blocked, id=6976, stack(0x000000000a0c0000,0x000000000a1c0000)]
  0x00000000088a7000 JavaThread "Finalizer" daemon [_thread_blocked, id=8332, stack(0x0000000009960000,0x0000000009a60000)]
  0x0000000008860000 JavaThread "Reference Handler" daemon [_thread_blocked, id=7040, stack(0x0000000009aa0000,0x0000000009ba0000)]
  0x0000000002680000 JavaThread "main" [_thread_in_vm, id=5660, stack(0x0000000002980000,0x0000000002a80000)]

Other Threads:
  0x0000000008858800 VMThread [stack: 0x0000000009840000,0x0000000009940000] [id=4176]
  0x000000000ab1b800 WatcherThread [stack: 0x000000000b660000,0x000000000b760000] [id=7932]

VM state:not at safepoint (normal execution)

VM Mutex/Monitor currently owned by a thread: None

Heap:
 PSYoungGen      total 132608K, used 34189K [0x00000000d5c00000, 0x00000000dee00000, 0x0000000100000000)
  eden space 122880K, 19% used [0x00000000d5c00000,0x00000000d73e5518,0x00000000dd400000)
  from space 9728K, 99% used [0x00000000ddb00000,0x00000000de47e048,0x00000000de480000)
  to   space 8192K, 0% used [0x00000000de600000,0x00000000de600000,0x00000000dee00000)
 ParOldGen       total 74752K, used 18597K [0x0000000081400000, 0x0000000085d00000, 0x00000000d5c00000)
  object space 74752K, 24% used [0x0000000081400000,0x00000000826297b0,0x0000000085d00000)
 Metaspace       used 45861K, capacity 47500K, committed 47704K, reserved 1091584K
  class space    used 6091K, capacity 6414K, committed 6528K, reserved 1048576K

Card table byte_map: [0x0000000002e40000,0x0000000003240000] byte_map_base: 0x0000000002a36000

Marking Bits: (ParMarkBitMap*) 0x0000000058e7a6d0
 Begin Bits: [0x0000000003b60000, 0x0000000005b10000)
 End Bits:   [0x0000000005b10000, 0x0000000007ac0000)

Polling page: 0x0000000000240000

CodeCache: size=245760Kb used=14238Kb max_used=14238Kb free=231521Kb
 bounds [0x000000000f010000, 0x000000000fe00000, 0x000000001e010000]
 total_blobs=4313 nmethods=3800 adapters=433
 compilation: enabled

Compilation events (10 events):
Event: 8.832 Thread 0x000000000a9bb800 3912       3       org.springframework.core.MethodParameter::setContainingClass (6 bytes)
Event: 8.832 Thread 0x000000000a9bb800 nmethod 3912 0x000000000fdef7d0 code [0x000000000fdef920, 0x000000000fdefa90]
Event: 8.835 Thread 0x000000000a9bb800 3913       3       java.lang.invoke.LambdaMetafactory::metafactory (35 bytes)
Event: 8.835 Thread 0x000000000a9bb800 nmethod 3913 0x000000000fdefb10 code [0x000000000fdefca0, 0x000000000fdeffe8]
Event: 8.875 Thread 0x000000000a9bb800 3915       3       java.util.SubList$1::hasNext (20 bytes)
Event: 8.875 Thread 0x000000000a9bb800 nmethod 3915 0x000000000fdf0110 code [0x000000000fdf0280, 0x000000000fdf05a8]
Event: 8.875 Thread 0x000000000a9bb800 3916       3       java.util.SubList$1::nextIndex (18 bytes)
Event: 8.875 Thread 0x000000000a9bb800 nmethod 3916 0x000000000fdf0710 code [0x000000000fdf0880, 0x000000000fdf0ac8]
Event: 8.876 Thread 0x000000000a9bb800 3918       3       java.lang.invoke.BoundMethodHandle::<init> (32 bytes)
Event: 8.877 Thread 0x000000000a9bb800 nmethod 3918 0x000000000fdf0bd0 code [0x000000000fdf0d60, 0x000000000fdf1198]

GC Heap History (10 events):
Event: 4.085 GC heap before
{Heap before GC invocations=7 (full 1):
 PSYoungGen      total 71680K, used 66560K [0x00000000d5c00000, 0x00000000dee00000, 0x0000000100000000)
  eden space 66560K, 100% used [0x00000000d5c00000,0x00000000d9d00000,0x00000000d9d00000)
  from space 5120K, 0% used [0x00000000d9d00000,0x00000000d9d00000,0x00000000da200000)
  to   space 8192K, 0% used [0x00000000de600000,0x00000000de600000,0x00000000dee00000)
 ParOldGen       total 48128K, used 5980K [0x0000000081400000, 0x0000000084300000, 0x00000000d5c00000)
  object space 48128K, 12% used [0x0000000081400000,0x00000000819d7360,0x0000000084300000)
 Metaspace       used 26078K, capacity 26808K, committed 26880K, reserved 1073152K
  class space    used 3339K, capacity 3540K, committed 3584K, reserved 1048576K
Event: 4.152 GC heap after
Heap after GC invocations=7 (full 1):
 PSYoungGen      total 131072K, used 8170K [0x00000000d5c00000, 0x00000000dee00000, 0x0000000100000000)
  eden space 122880K, 0% used [0x00000000d5c00000,0x00000000d5c00000,0x00000000dd400000)
  from space 8192K, 99% used [0x00000000de600000,0x00000000dedfaac8,0x00000000dee00000)
  to   space 9728K, 0% used [0x00000000ddb00000,0x00000000ddb00000,0x00000000de480000)
 ParOldGen       total 48128K, used 7361K [0x0000000081400000, 0x0000000084300000, 0x00000000d5c00000)
  object space 48128K, 15% used [0x0000000081400000,0x0000000081b30500,0x0000000084300000)
 Metaspace       used 26078K, capacity 26808K, committed 26880K, reserved 1073152K
  class space    used 3339K, capacity 3540K, committed 3584K, reserved 1048576K
}
Event: 5.167 GC heap before
{Heap before GC invocations=8 (full 1):
 PSYoungGen      total 131072K, used 131050K [0x00000000d5c00000, 0x00000000dee00000, 0x0000000100000000)
  eden space 122880K, 100% used [0x00000000d5c00000,0x00000000dd400000,0x00000000dd400000)
  from space 8192K, 99% used [0x00000000de600000,0x00000000dedfaac8,0x00000000dee00000)
  to   space 9728K, 0% used [0x00000000ddb00000,0x00000000ddb00000,0x00000000de480000)
 ParOldGen       total 48128K, used 7361K [0x0000000081400000, 0x0000000084300000, 0x00000000d5c00000)
  object space 48128K, 15% used [0x0000000081400000,0x0000000081b30500,0x0000000084300000)
 Metaspace       used 30625K, capacity 31732K, committed 31872K, reserved 1077248K
  class space    used 3960K, capacity 4202K, committed 4224K, reserved 1048576K
Event: 5.228 GC heap after
Heap after GC invocations=8 (full 1):
 PSYoungGen      total 132608K, used 9704K [0x00000000d5c00000, 0x00000000dee00000, 0x0000000100000000)
  eden space 122880K, 0% used [0x00000000d5c00000,0x00000000d5c00000,0x00000000dd400000)
  from space 9728K, 99% used [0x00000000ddb00000,0x00000000de47a1e8,0x00000000de480000)
  to   space 8192K, 0% used [0x00000000de600000,0x00000000de600000,0x00000000dee00000)
 ParOldGen       total 48128K, used 10881K [0x0000000081400000, 0x0000000084300000, 0x00000000d5c00000)
  object space 48128K, 22% used [0x0000000081400000,0x0000000081ea0640,0x0000000084300000)
 Metaspace       used 30625K, capacity 31732K, committed 31872K, reserved 1077248K
  class space    used 3960K, capacity 4202K, committed 4224K, reserved 1048576K
}
Event: 5.703 GC heap before
{Heap before GC invocations=9 (full 1):
 PSYoungGen      total 132608K, used 69004K [0x00000000d5c00000, 0x00000000dee00000, 0x0000000100000000)
  eden space 122880K, 48% used [0x00000000d5c00000,0x00000000d95e9210,0x00000000dd400000)
  from space 9728K, 99% used [0x00000000ddb00000,0x00000000de47a1e8,0x00000000de480000)
  to   space 8192K, 0% used [0x00000000de600000,0x00000000de600000,0x00000000dee00000)
 ParOldGen       total 48128K, used 10881K [0x0000000081400000, 0x0000000084300000, 0x00000000d5c00000)
  object space 48128K, 22% used [0x0000000081400000,0x0000000081ea0640,0x0000000084300000)
 Metaspace       used 34215K, capacity 35408K, committed 35416K, reserved 1079296K
  class space    used 4484K, capacity 4734K, committed 4736K, reserved 1048576K
Event: 5.720 GC heap after
Heap after GC invocations=9 (full 1):
 PSYoungGen      total 131072K, used 8165K [0x00000000d5c00000, 0x00000000dee00000, 0x0000000100000000)
  eden space 122880K, 0% used [0x00000000d5c00000,0x00000000d5c00000,0x00000000dd400000)
  from space 8192K, 99% used [0x00000000de600000,0x00000000dedf9510,0x00000000dee00000)
  to   space 9728K, 0% used [0x00000000ddb00000,0x00000000ddb00000,0x00000000de480000)
 ParOldGen       total 48128K, used 16026K [0x0000000081400000, 0x0000000084300000, 0x00000000d5c00000)
  object space 48128K, 33% used [0x0000000081400000,0x00000000823a69b8,0x0000000084300000)
 Metaspace       used 34215K, capacity 35408K, committed 35416K, reserved 1079296K
  class space    used 4484K, capacity 4734K, committed 4736K, reserved 1048576K
}
Event: 5.720 GC heap before
{Heap before GC invocations=10 (full 2):
 PSYoungGen      total 131072K, used 8165K [0x00000000d5c00000, 0x00000000dee00000, 0x0000000100000000)
  eden space 122880K, 0% used [0x00000000d5c00000,0x00000000d5c00000,0x00000000dd400000)
  from space 8192K, 99% used [0x00000000de600000,0x00000000dedf9510,0x00000000dee00000)
  to   space 9728K, 0% used [0x00000000ddb00000,0x00000000ddb00000,0x00000000de480000)
 ParOldGen       total 48128K, used 16026K [0x0000000081400000, 0x0000000084300000, 0x00000000d5c00000)
  object space 48128K, 33% used [0x0000000081400000,0x00000000823a69b8,0x0000000084300000)
 Metaspace       used 34215K, capacity 35408K, committed 35416K, reserved 1079296K
  class space    used 4484K, capacity 4734K, committed 4736K, reserved 1048576K
Event: 5.800 GC heap after
Heap after GC invocations=10 (full 2):
 PSYoungGen      total 131072K, used 0K [0x00000000d5c00000, 0x00000000dee00000, 0x0000000100000000)
  eden space 122880K, 0% used [0x00000000d5c00000,0x00000000d5c00000,0x00000000dd400000)
  from space 8192K, 0% used [0x00000000de600000,0x00000000de600000,0x00000000dee00000)
  to   space 9728K, 0% used [0x00000000ddb00000,0x00000000ddb00000,0x00000000de480000)
 ParOldGen       total 74752K, used 17752K [0x0000000081400000, 0x0000000085d00000, 0x00000000d5c00000)
  object space 74752K, 23% used [0x0000000081400000,0x0000000082556208,0x0000000085d00000)
 Metaspace       used 34215K, capacity 35408K, committed 35416K, reserved 1079296K
  class space    used 4484K, capacity 4734K, committed 4736K, reserved 1048576K
}
Event: 8.715 GC heap before
{Heap before GC invocations=11 (full 2):
 PSYoungGen      total 131072K, used 122880K [0x00000000d5c00000, 0x00000000dee00000, 0x0000000100000000)
  eden space 122880K, 100% used [0x00000000d5c00000,0x00000000dd400000,0x00000000dd400000)
  from space 8192K, 0% used [0x00000000de600000,0x00000000de600000,0x00000000dee00000)
  to   space 9728K, 0% used [0x00000000ddb00000,0x00000000ddb00000,0x00000000de480000)
 ParOldGen       total 74752K, used 17752K [0x0000000081400000, 0x0000000085d00000, 0x00000000d5c00000)
  object space 74752K, 23% used [0x0000000081400000,0x0000000082556208,0x0000000085d00000)
 Metaspace       used 43987K, capacity 45360K, committed 45528K, reserved 1089536K
  class space    used 5852K, capacity 6122K, committed 6144K, reserved 1048576K
Event: 8.723 GC heap after
Heap after GC invocations=11 (full 2):
 PSYoungGen      total 132608K, used 9720K [0x00000000d5c00000, 0x00000000dee00000, 0x0000000100000000)
  eden space 122880K, 0% used [0x00000000d5c00000,0x00000000d5c00000,0x00000000dd400000)
  from space 9728K, 99% used [0x00000000ddb00000,0x00000000de47e048,0x00000000de480000)
  to   space 8192K, 0% used [0x00000000de600000,0x00000000de600000,0x00000000dee00000)
 ParOldGen       total 74752K, used 18597K [0x0000000081400000, 0x0000000085d00000, 0x00000000d5c00000)
  object space 74752K, 24% used [0x0000000081400000,0x00000000826297b0,0x0000000085d00000)
 Metaspace       used 43987K, capacity 45360K, committed 45528K, reserved 1089536K
  class space    used 5852K, capacity 6122K, committed 6144K, reserved 1048576K
}

Deoptimization events (10 events):
Event: 7.278 Thread 0x0000000002680000 Uncommon trap: reason=unstable_if action=reinterpret pc=0x000000000f336318 method=java.util.HashMap.getNode(ILjava/lang/Object;)Ljava/util/HashMap$Node; @ 84
Event: 7.278 Thread 0x0000000002680000 Uncommon trap: reason=unstable_if action=reinterpret pc=0x000000000f3c2d88 method=java.util.HashMap.getNode(ILjava/lang/Object;)Ljava/util/HashMap$Node; @ 84
Event: 7.295 Thread 0x0000000002680000 Uncommon trap: reason=unstable_if action=reinterpret pc=0x000000000f6e13f8 method=java.util.HashMap.putVal(ILjava/lang/Object;Ljava/lang/Object;ZZ)Ljava/lang/Object; @ 162
Event: 7.296 Thread 0x0000000002680000 Uncommon trap: reason=unstable_if action=reinterpret pc=0x000000000f42591c method=java.util.HashMap.resize()[Ljava/util/HashMap$Node; @ 206
Event: 7.795 Thread 0x0000000002680000 Uncommon trap: reason=unstable_if action=reinterpret pc=0x000000000fcb9150 method=java.lang.String$CaseInsensitiveComparator.compare(Ljava/lang/String;Ljava/lang/String;)I @ 70
Event: 8.651 Thread 0x0000000002680000 Uncommon trap: reason=class_check action=maybe_recompile pc=0x000000000fc50bd4 method=org.springframework.beans.factory.support.AbstractBeanFactory.isTypeMatch(Ljava/lang/String;Lorg/springframework/core/ResolvableType;)Z @ 47
Event: 8.658 Thread 0x0000000002680000 Uncommon trap: reason=class_check action=maybe_recompile pc=0x000000000fc50bd4 method=org.springframework.beans.factory.support.AbstractBeanFactory.isTypeMatch(Ljava/lang/String;Lorg/springframework/core/ResolvableType;)Z @ 47
Event: 8.690 Thread 0x0000000002680000 Uncommon trap: reason=unstable_if action=reinterpret pc=0x000000000fbde704 method=java.util.concurrent.ConcurrentHashMap.get(Ljava/lang/Object;)Ljava/lang/Object; @ 152
Event: 8.744 Thread 0x0000000002680000 Uncommon trap: reason=unstable_if action=reinterpret pc=0x000000000fdab264 method=sun.reflect.misc.ReflectUtil.isNonPublicProxyClass(Ljava/lang/Class;)Z @ 33
Event: 8.754 Thread 0x0000000002680000 Uncommon trap: reason=class_check action=maybe_recompile pc=0x000000000fc50bd4 method=org.springframework.beans.factory.support.AbstractBeanFactory.isTypeMatch(Ljava/lang/String;Lorg/springframework/core/ResolvableType;)Z @ 47

Internal exceptions (10 events):
Event: 8.778 Thread 0x0000000002680000 Exception <a 'java/lang/ClassNotFoundException': java/lang/ObjectCustomizer> (0x00000000d62215e0) thrown at [C:\re\workspace\8-2-build-windows-amd64-cygwin\jdk8u112\7884\hotspot\src\share\vm\classfile\systemDictionary.cpp, line 210]
Event: 8.779 Thread 0x0000000002680000 Exception <a 'java/lang/ClassNotFoundException': com/mmc/book_keeping/entitys/TradeTypeCustomizer> (0x00000000d623de60) thrown at [C:\re\workspace\8-2-build-windows-amd64-cygwin\jdk8u112\7884\hotspot\src\share\vm\classfile\systemDictionary.cpp, line 210]
Event: 8.798 Thread 0x0000000002680000 Exception <a 'java/lang/NoSuchMethodError': java.lang.Object.lambda$toStream$0(Ljava/util/Optional;)Ljava/util/stream/Stream;> (0x00000000d638f9e8) thrown at [C:\re\workspace\8-2-build-windows-amd64-cygwin\jdk8u112\7884\hotspot\src\share\vm\interpreter\li
Event: 8.799 Thread 0x0000000002680000 Exception <a 'java/lang/NoSuchMethodError': java.lang.Object.of(Ljava/lang/Object;)Ljava/util/stream/Stream;> (0x00000000d6396b18) thrown at [C:\re\workspace\8-2-build-windows-amd64-cygwin\jdk8u112\7884\hotspot\src\share\vm\interpreter\linkResolver.cpp, l
Event: 8.799 Thread 0x0000000002680000 Exception <a 'java/lang/NoSuchMethodError': java.lang.Object.empty()Ljava/util/stream/Stream;> (0x00000000d63999d8) thrown at [C:\re\workspace\8-2-build-windows-amd64-cygwin\jdk8u112\7884\hotspot\src\share\vm\interpreter\linkResolver.cpp, line 582]
Event: 8.801 Thread 0x0000000002680000 Exception <a 'java/lang/NoSuchMethodError': java.lang.Object.fromNullable(Ljava/lang/Object;)Ljava/util/stream/Stream;> (0x00000000d63b7940) thrown at [C:\re\workspace\8-2-build-windows-amd64-cygwin\jdk8u112\7884\hotspot\src\share\vm\interpreter\linkResol
Event: 8.814 Thread 0x0000000002680000 Exception <a 'java/lang/ClassNotFoundException': java/lang/ObjectCustomizer> (0x00000000d645f810) thrown at [C:\re\workspace\8-2-build-windows-amd64-cygwin\jdk8u112\7884\hotspot\src\share\vm\classfile\systemDictionary.cpp, line 210]
Event: 8.815 Thread 0x0000000002680000 Exception <a 'java/lang/ClassNotFoundException': com/mmc/book_keeping/user/UserCustomizer> (0x00000000d6479808) thrown at [C:\re\workspace\8-2-build-windows-amd64-cygwin\jdk8u112\7884\hotspot\src\share\vm\classfile\systemDictionary.cpp, line 210]
Event: 8.819 Thread 0x0000000002680000 Exception <a 'java/lang/ClassNotFoundException': java/lang/ObjectCustomizer> (0x00000000d64c6e78) thrown at [C:\re\workspace\8-2-build-windows-amd64-cygwin\jdk8u112\7884\hotspot\src\share\vm\classfile\systemDictionary.cpp, line 210]
Event: 8.820 Thread 0x0000000002680000 Exception <a 'java/lang/ClassNotFoundException': com/mmc/book_keeping/order/OrderCustomizer> (0x00000000d64e0f10) thrown at [C:\re\workspace\8-2-build-windows-amd64-cygwin\jdk8u112\7884\hotspot\src\share\vm\classfile\systemDictionary.cpp, line 210]

Events (10 events):
Event: 8.921 Thread 0x0000000002680000 DEOPT PACKING pc=0x000000000fc65e64 sp=0x0000000002a7a3c0
Event: 8.921 Thread 0x0000000002680000 DEOPT UNPACKING pc=0x000000000f05787f sp=0x0000000002a7a1e0 mode 1
Event: 8.921 Thread 0x0000000002680000 DEOPT PACKING pc=0x000000000fc65bfc sp=0x0000000002a7a550
Event: 8.921 Thread 0x0000000002680000 DEOPT UNPACKING pc=0x000000000f05787f sp=0x0000000002a7a370 mode 1
Event: 8.921 loading class javax/persistence/PessimisticLockScope
Event: 8.921 loading class javax/persistence/PessimisticLockScope done
Event: 8.921 Thread 0x0000000002680000 DEOPT PACKING pc=0x000000000fc65e64 sp=0x0000000002a7a2a0
Event: 8.921 Thread 0x0000000002680000 DEOPT UNPACKING pc=0x000000000f05787f sp=0x0000000002a7a0c0 mode 1
Event: 8.921 Thread 0x0000000002680000 DEOPT PACKING pc=0x000000000fc65bfc sp=0x0000000002a7a430
Event: 8.921 Thread 0x0000000002680000 DEOPT UNPACKING pc=0x000000000f05787f sp=0x0000000002a7a250 mode 1


Dynamic libraries:
0x000000013f640000 - 0x000000013f677000 	D:\Program Files (x86)\Java\jdk1.8.0_112\bin\java.exe
0x0000000077460000 - 0x000000007760a000 	C:\Windows\SYSTEM32\ntdll.dll
0x0000000077340000 - 0x000000007745f000 	C:\Windows\system32\kernel32.dll
0x000007fefd710000 - 0x000007fefd77a000 	C:\Windows\system32\KERNELBASE.dll
0x000007fefed90000 - 0x000007fefee6b000 	C:\Windows\system32\ADVAPI32.dll
0x000007fefdec0000 - 0x000007fefdf5f000 	C:\Windows\system32\msvcrt.dll
0x000007fefdc40000 - 0x000007fefdc5f000 	C:\Windows\SYSTEM32\sechost.dll
0x000007feff620000 - 0x000007feff74d000 	C:\Windows\system32\RPCRT4.dll
0x0000000077240000 - 0x000000007733a000 	C:\Windows\system32\USER32.dll
0x000007fefd860000 - 0x000007fefd8c7000 	C:\Windows\system32\GDI32.dll
0x000007feff380000 - 0x000007feff38e000 	C:\Windows\system32\LPK.dll
0x000007fefdd70000 - 0x000007fefde3a000 	C:\Windows\system32\USP10.dll
0x000007fefb990000 - 0x000007fefbb84000 	C:\Windows\WinSxS\amd64_microsoft.windows.common-controls_6595b64144ccf1df_6.0.7601.18837_none_fa3b1e3d17594757\COMCTL32.dll
0x000007fefdac0000 - 0x000007fefdb31000 	C:\Windows\system32\SHLWAPI.dll
0x000007fefd1f0000 - 0x000007fefd247000 	C:\Windows\system32\apphelp.dll
0x000007fef9550000 - 0x000007fef95a1000 	C:\Windows\AppPatch\AppPatch64\AcGenral.DLL
0x000007fefd1c0000 - 0x000007fefd1e5000 	C:\Windows\system32\SspiCli.dll
0x000007fefee70000 - 0x000007feff06c000 	C:\Windows\system32\ole32.dll
0x000007fefe000000 - 0x000007fefed89000 	C:\Windows\system32\SHELL32.dll
0x000000006f960000 - 0x000000006f963000 	C:\Windows\system32\sfc.dll
0x000007fef5a50000 - 0x000007fef5a60000 	C:\Windows\system32\sfc_os.DLL
0x000007fefc630000 - 0x000007fefc64e000 	C:\Windows\system32\USERENV.dll
0x000007fefd370000 - 0x000007fefd37f000 	C:\Windows\system32\profapi.dll
0x000007fefb510000 - 0x000007fefb528000 	C:\Windows\system32\dwmapi.dll
0x000007fef50a0000 - 0x000007fef50b8000 	C:\Windows\system32\MPR.dll
0x000007feff5f0000 - 0x000007feff61e000 	C:\Windows\system32\IMM32.DLL
0x000007fefdc60000 - 0x000007fefdd69000 	C:\Windows\system32\MSCTF.dll
0x000007fefd330000 - 0x000007fefd361000 	C:\Windows\system32\nvinitx.dll
0x000007fefd320000 - 0x000007fefd32c000 	C:\Windows\system32\VERSION.dll
0x000000000f000000 - 0x000000000f006000 	C:\Program Files\NVIDIA Corporation\CoProcManager\detoured.dll
0x000007fefaa40000 - 0x000007fefaa71000 	C:\Program Files\NVIDIA Corporation\CoProcManager\nvd3d9wrapx.dll
0x000007fefd8e0000 - 0x000007fefdab7000 	C:\Windows\system32\SETUPAPI.dll
0x000007fefd630000 - 0x000007fefd666000 	C:\Windows\system32\CFGMGR32.dll
0x000007fefd780000 - 0x000007fefd85a000 	C:\Windows\system32\OLEAUT32.dll
0x000007fefd6b0000 - 0x000007fefd6ca000 	C:\Windows\system32\DEVOBJ.dll
0x000007fefaa00000 - 0x000007fefaa22000 	C:\Program Files\NVIDIA Corporation\CoProcManager\nvdxgiwrapx.dll
0x000000005c350000 - 0x000000005c422000 	D:\Program Files (x86)\Java\jdk1.8.0_112\jre\bin\msvcr100.dll
0x0000000058660000 - 0x0000000058efa000 	D:\Program Files (x86)\Java\jdk1.8.0_112\jre\bin\server\jvm.dll
0x000007fef7e40000 - 0x000007fef7e49000 	C:\Windows\system32\WSOCK32.dll
0x000007feff330000 - 0x000007feff37d000 	C:\Windows\system32\WS2_32.dll
0x000007fefd8d0000 - 0x000007fefd8d8000 	C:\Windows\system32\NSI.dll
0x000007fefaab0000 - 0x000007fefaaeb000 	C:\Windows\system32\WINMM.dll
0x0000000077620000 - 0x0000000077627000 	C:\Windows\system32\PSAPI.DLL
0x0000000070720000 - 0x000000007072f000 	D:\Program Files (x86)\Java\jdk1.8.0_112\jre\bin\verify.dll
0x0000000070650000 - 0x0000000070679000 	D:\Program Files (x86)\Java\jdk1.8.0_112\jre\bin\java.dll
0x0000000063120000 - 0x0000000063155000 	D:\Program Files (x86)\Java\jdk1.8.0_112\jre\bin\jdwp.dll
0x0000000070730000 - 0x0000000070738000 	D:\Program Files (x86)\Java\jdk1.8.0_112\jre\bin\npt.dll
0x00000000632a0000 - 0x00000000632c3000 	D:\Program Files (x86)\Java\jdk1.8.0_112\jre\bin\instrument.dll
0x00000000706e0000 - 0x00000000706f6000 	D:\Program Files (x86)\Java\jdk1.8.0_112\jre\bin\zip.dll
0x0000000070710000 - 0x0000000070719000 	D:\Program Files (x86)\Java\jdk1.8.0_112\jre\bin\dt_socket.dll
0x000007fefcc40000 - 0x000007fefcc95000 	C:\Windows\system32\mswsock.dll
0x000007fefc4f0000 - 0x000007fefc4f7000 	C:\Windows\System32\wshtcpip.dll
0x00000000706c0000 - 0x00000000706da000 	D:\Program Files (x86)\Java\jdk1.8.0_112\jre\bin\net.dll
0x000007fefcc30000 - 0x000007fefcc37000 	C:\Windows\System32\wship6.dll
0x000000006cd30000 - 0x000000006cd41000 	D:\Program Files (x86)\Java\jdk1.8.0_112\jre\bin\nio.dll
0x000000006bd80000 - 0x000000006bd8d000 	D:\Program Files (x86)\Java\jdk1.8.0_112\jre\bin\management.dll
0x000007fefb5d0000 - 0x000007fefb5e5000 	C:\Windows\system32\NLAapi.dll
0x000007fef5680000 - 0x000007fef5695000 	C:\Windows\system32\napinsp.dll
0x000007fef5660000 - 0x000007fef5679000 	C:\Windows\system32\pnrpnsp.dll
0x000007fefc9d0000 - 0x000007fefca2b000 	C:\Windows\system32\DNSAPI.dll
0x000007fef5640000 - 0x000007fef564b000 	C:\Windows\System32\winrnr.dll
0x000007fef5630000 - 0x000007fef5640000 	C:\Windows\system32\wshbth.dll
0x000007fefa0b0000 - 0x000007fefa0d7000 	C:\Windows\system32\IPHLPAPI.DLL
0x000007fefa0a0000 - 0x000007fefa0ab000 	C:\Windows\system32\WINNSI.DLL
0x000007fef82e0000 - 0x000007fef82e8000 	C:\Windows\system32\rasadhlp.dll
0x000007fef9eb0000 - 0x000007fef9f03000 	C:\Windows\System32\fwpuclnt.dll
0x000007fefcca0000 - 0x000007fefccb8000 	C:\Windows\system32\CRYPTSP.dll
0x000007fefc870000 - 0x000007fefc8b7000 	C:\Windows\system32\rsaenh.dll
0x000007fefd250000 - 0x000007fefd25f000 	C:\Windows\system32\CRYPTBASE.dll
0x000007fef9fb0000 - 0x000007fef9fc8000 	C:\Windows\system32\dhcpcsvc.DLL
0x000007fef9f10000 - 0x000007fef9f21000 	C:\Windows\system32\dhcpcsvc6.DLL

VM Arguments:
jvm_args: -agentlib:jdwp=transport=dt_socket,address=127.0.0.1:61993,suspend=y,server=n -ea -Didea.test.cyclic.buffer.size=1048576 -javaagent:C:\Users\Administrator\AppData\Local\Temp\capturejars\debugger-agent.jar=file:/C:/Users/Administrator/AppData/Local/Temp/capture.props -Dfile.encoding=UTF-8 
java_command: com.intellij.rt.execution.junit.JUnitStarter -ideVersion5 -junit4 @w@C:\Users\Administrator\AppData\Local\Temp\idea_working_dirs_junit.tmp @C:\Users\Administrator\AppData\Local\Temp\idea_junit.tmp
java_class_path (initial): D:\Program Files (x86)\ideaIU-2018.1.win\lib\idea_rt.jar;D:\Program Files (x86)\ideaIU-2018.1.win\plugins\junit\lib\junit-rt.jar;D:\Program Files (x86)\ideaIU-2018.1.win\plugins\junit\lib\junit5-rt.jar;D:\Program Files (x86)\Java\jdk1.8.0_112\jre\lib\charsets.jar;D:\Program Files (x86)\Java\jdk1.8.0_112\jre\lib\deploy.jar;D:\Program Files (x86)\Java\jdk1.8.0_112\jre\lib\ext\access-bridge-64.jar;D:\Program Files (x86)\Java\jdk1.8.0_112\jre\lib\ext\cldrdata.jar;D:\Program Files (x86)\Java\jdk1.8.0_112\jre\lib\ext\dnsns.jar;D:\Program Files (x86)\Java\jdk1.8.0_112\jre\lib\ext\jaccess.jar;D:\Program Files (x86)\Java\jdk1.8.0_112\jre\lib\ext\jfxrt.jar;D:\Program Files (x86)\Java\jdk1.8.0_112\jre\lib\ext\localedata.jar;D:\Program Files (x86)\Java\jdk1.8.0_112\jre\lib\ext\nashorn.jar;D:\Program Files (x86)\Java\jdk1.8.0_112\jre\lib\ext\sunec.jar;D:\Program Files (x86)\Java\jdk1.8.0_112\jre\lib\ext\sunjce_provider.jar;D:\Program Files (x86)\Java\jdk1.8.0_112\jre\lib\ext\sunmscapi.jar;D:\Program Files (x86)\Java\jdk1.8.0_112\jre\lib\ext\sunpkcs11.jar;D:\Program Files (x86)\Java\jdk1.8.0_112\jre\lib\ext\zipfs.jar;D:\Program Files (x86)\Java\jdk1.8.0_112\jre\lib\javaws.jar;D:\Program Files (x86)\Java\jdk1.8.0_112\jre\lib\jce.jar;D:\Program Files (x86)\Java\jdk1.8.0_112\jre\lib\jfr.jar;D:\Program Files (x86)\Java\jdk1.8.0_112\jre\lib\jfxswt.jar;D:\Program Files (x86)\Java\jdk1.8.0_112\jre\lib\jsse.jar;D:\Program Files (x86)\Java\jdk1.8.0_112\jre\lib\management-agent.jar;D:\Program Files (x86)\Java\jdk1.8.0_112\jre\lib\plugin.jar;D:\Program Files (x86)\Java\jdk1.8.0_112\jre\lib\resources.jar;D:\Program Files (x86)\Java\jdk1.8.0_112\jre\lib\rt.jar;D:\IDEAProject\book_keeping\target\test-classes;D:\IDEAProject\book_keeping\target\classes;D:\Program Files (x86)\apache-maven-3.5.3-bin\apache-maven-3.5.3\respository\org\springframework\boot\spring-boot-starter-web\2.0.1.RELEASE\spring-boot-starter-web-2.0.1.RELEASE.jar;D:\Program Files (x86)\apache-maven-
Launcher Type: SUN_STANDARD

Environment Variables:
JAVA_HOME=D:\Program Files (x86)\Java\jdk1.8.0_112
CLASSPATH=.;D:\Program Files (x86)\Java\jdk1.8.0_112\lib\dt.jar;D:\Program Files (x86)\Java\jdk1.8.0_112\lib\tools.jar;
PATH=C:\Program Files (x86)\Intel\iCLS Client\;C:\Program Files\Intel\iCLS Client\;d:\app\Administrator\product\11.2.0\dbhome_1\bin;D:\Program Files (x86)\Java\jdk1.8.0_101\bin;d:\product\11.2.0\client_1;¡±;;JAVA_HOME%\bin;D:\Program Files (x86)\Java\jdk1.8.0_112\jre\bin;C:\Windows\system32;C:\Windows;C:\Windows\System32\Wbem;C:\Windows\System32\WindowsPowerShell\v1.0\;C:\Program Files\Intel\WiFi\bin\;C:\Program Files\Common Files\Intel\WirelessCommon\;C:\Program Files (x86)\NVIDIA Corporation\PhysX\Common;D:\Program Files (x86)\Microsoft SQL Server\100\Tools\Binn\;D:\Program Files\Microsoft SQL Server\100\Tools\Binn\;D:\Program Files\Microsoft SQL Server\100\DTS\Binn\;D:\Program Files (x86)\Microsoft SQL Server\100\Tools\Binn\VSShell\Common7\IDE\;D:\Program Files (x86)\Microsoft SQL Server\100\DTS\Binn\;C:\Program Files (x86)\Microsoft Visual Studio 9.0\Common7\IDE\PrivateAssemblies\;D:\Program Files (x86)\QuickTime\QTSystem\;D:\Program Files (x86)\Java\jdk1.8.0_112\bin;D:\Program Files (x86)\mysql-5.6.35-winx64\bin;C:\Program Files (x86)\Intel\Intel(R) Management Engine Components\DAL;C:\Program Files\Intel\Intel(R) Management Engine Components\DAL;C:\Program Files (x86)\Intel\Intel(R) Management Engine Components\IPT;C:\Program Files\Intel\Intel(R) Management Engine Components\IPT;d:\Program Files\Git\cmd;D:\Program Files\TortoiseGit\bin;C:\Program Files (x86)\SSH Communications Security\SSH Secure Shell;D:\Program Files (x86)\Fiddler
USERNAME=Administrator
OS=Windows_NT
PROCESSOR_IDENTIFIER=Intel64 Family 6 Model 94 Stepping 3, GenuineIntel



---------------  S Y S T E M  ---------------

OS: Windows 7 , 64 bit Build 7601 (6.1.7601.23796)

CPU:total 4 (4 cores per cpu, 1 threads per core) family 6 model 94 stepping 3, cmov, cx8, fxsr, mmx, sse, sse2, sse3, ssse3, sse4.1, sse4.2, popcnt, avx, avx2, aes, clmul, erms, rtm, 3dnowpref, lzcnt, tsc, tscinvbit, bmi1, bmi2, adx

Memory: 4k page, physical 8299528k(734032k free), swap 8297668k(5572k free)

vm_info: Java HotSpot(TM) 64-Bit Server VM (25.112-b15) for windows-amd64 JRE (1.8.0_112-b15), built on Sep 22 2016 21:31:56 by "java_re" with MS VC++ 10.0 (VS2010)

time: Sat May 05 00:31:29 2018
elapsed time: 8 seconds (0d 0h 0m 8s)

